00:41:56 - INFO - eir.train_utils.utils - Global random seed set to 0.
Traceback (most recent call last):
  File "/home/panwei/he000176/.conda/envs/eir-gln/bin/eirtrain", line 8, in <module>
    sys.exit(main())
             ^^^^^^
  File "/home/panwei/he000176/.conda/envs/eir-gln/lib/python3.11/site-packages/eir/train.py", line 65, in main
    configs = get_configs()
              ^^^^^^^^^^^^^
  File "/home/panwei/he000176/.conda/envs/eir-gln/lib/python3.11/site-packages/eir/setup/config.py", line 120, in get_configs
    configs = generate_aggregated_config(
              ^^^^^^^^^^^^^^^^^^^^^^^^^^^
  File "/home/panwei/he000176/.conda/envs/eir-gln/lib/python3.11/site-packages/eir/setup/config.py", line 266, in generate_aggregated_config
    output_configs = load_output_configs(output_configs=output_config_iter)
                     ^^^^^^^^^^^^^^^^^^^^^^^^^^^^^^^^^^^^^^^^^^^^^^^^^^^^^^
  File "/home/panwei/he000176/.conda/envs/eir-gln/lib/python3.11/site-packages/eir/setup/config.py", line 670, in load_output_configs
    config_object = init_output_config(
                    ^^^^^^^^^^^^^^^^^^^
  File "/home/panwei/he000176/.conda/envs/eir-gln/lib/python3.11/site-packages/eir/setup/config.py", line 713, in init_output_config
    model_config = set_up_output_module_config(
                   ^^^^^^^^^^^^^^^^^^^^^^^^^^^^
  File "/home/panwei/he000176/.conda/envs/eir-gln/lib/python3.11/site-packages/eir/setup/config.py", line 821, in set_up_output_module_config
    model_type_config = set_up_output_module_init_config(
                        ^^^^^^^^^^^^^^^^^^^^^^^^^^^^^^^^^
  File "/home/panwei/he000176/.conda/envs/eir-gln/lib/python3.11/site-packages/eir/setup/config.py", line 849, in set_up_output_module_init_config
    model_init_config_callable = output_module_init_class_map[output_type][model_type]
                                 ~~~~~~~~~~~~~~~~~~~~~~~~~~~~~~~~~~~~~~~~~^^^^^^^^^^^^
KeyError: 'default'
