00:44:53 - INFO - eir.train_utils.utils - Global random seed set to 0.
Target Labels:   0%|                                                                                                                                                            | 0/2122 [00:00<?, ?it/s]Target Labels: 100%|█████████████████████████████████████████████████████████████████████████████████████████████████████████████████████████████████████████████| 2122/2122 [00:00<00:00, 511247.81it/s]
genotype: 0it [00:00, ?it/s]genotype: 16it [00:00, 156.93it/s]genotype: 475it [00:00, 2738.85it/s]genotype: 759it [00:00, 1125.15it/s]genotype: 1193it [00:00, 1791.78it/s]genotype: 1614it [00:00, 2343.30it/s]genotype: 2097it [00:00, 2954.11it/s]genotype: 2122it [00:01, 1954.88it/s]
Target Labels:   0%|                                                                                                                                                             | 0/200 [00:00<?, ?it/s]Target Labels: 100%|███████████████████████████████████████████████████████████████████████████████████████████████████████████████████████████████████████████████| 200/200 [00:00<00:00, 544008.30it/s]
genotype: 0it [00:00, ?it/s]genotype: 8it [00:00, 79.93it/s]genotype: 16it [00:00, 32.91it/s]genotype: 57it [00:00, 128.98it/s]genotype: 115it [00:00, 246.90it/s]genotype: 150it [00:01, 143.89it/s]genotype: 200it [00:01, 150.77it/s]
Traceback (most recent call last):
  File "/home/panwei/he000176/.conda/envs/eir-gln/bin/eirtrain", line 8, in <module>
    sys.exit(main())
             ^^^^^^
  File "/home/panwei/he000176/.conda/envs/eir-gln/lib/python3.11/site-packages/eir/train.py", line 72, in main
    default_experiment = get_default_experiment(
                         ^^^^^^^^^^^^^^^^^^^^^^^
  File "/home/panwei/he000176/.conda/envs/eir-gln/lib/python3.11/site-packages/eir/train.py", line 165, in get_default_experiment
    model = get_model(
            ^^^^^^^^^^
  File "/home/panwei/he000176/.conda/envs/eir-gln/lib/python3.11/site-packages/eir/models/model_setup.py", line 40, in get_model
    meta_class, meta_kwargs = get_meta_model_class_and_kwargs_from_configs(
                              ^^^^^^^^^^^^^^^^^^^^^^^^^^^^^^^^^^^^^^^^^^^^^
  File "/home/panwei/he000176/.conda/envs/eir-gln/lib/python3.11/site-packages/eir/models/model_setup_modules/meta_setup.py", line 129, in get_meta_model_class_and_kwargs_from_configs
    meta_model_kwargs = get_meta_model_kwargs_from_configs(
                        ^^^^^^^^^^^^^^^^^^^^^^^^^^^^^^^^^^^
  File "/home/panwei/he000176/.conda/envs/eir-gln/lib/python3.11/site-packages/eir/models/model_setup_modules/meta_setup.py", line 173, in get_meta_model_kwargs_from_configs
    output_modules, output_types = get_output_modules(
                                   ^^^^^^^^^^^^^^^^^^^
  File "/home/panwei/he000176/.conda/envs/eir-gln/lib/python3.11/site-packages/eir/models/model_setup_modules/meta_setup.py", line 363, in get_output_modules
    tabular_output_module = get_tabular_output_module_from_model_config(
                            ^^^^^^^^^^^^^^^^^^^^^^^^^^^^^^^^^^^^^^^^^^^^
  File "/home/panwei/he000176/.conda/envs/eir-gln/lib/python3.11/site-packages/eir/models/model_setup_modules/output_model_setup_modules/output_model_setup_tabular.py", line 47, in get_tabular_output_module_from_model_config
    output_module = output_module.to(device=torch_device)
                    ^^^^^^^^^^^^^^^^^^^^^^^^^^^^^^^^^^^^^
  File "/home/panwei/he000176/.conda/envs/eir-gln/lib/python3.11/site-packages/torch/nn/modules/module.py", line 1160, in to
    return self._apply(convert)
           ^^^^^^^^^^^^^^^^^^^^
  File "/home/panwei/he000176/.conda/envs/eir-gln/lib/python3.11/site-packages/torch/nn/modules/module.py", line 810, in _apply
    module._apply(fn)
  File "/home/panwei/he000176/.conda/envs/eir-gln/lib/python3.11/site-packages/torch/nn/modules/module.py", line 810, in _apply
    module._apply(fn)
  File "/home/panwei/he000176/.conda/envs/eir-gln/lib/python3.11/site-packages/torch/nn/modules/module.py", line 810, in _apply
    module._apply(fn)
  [Previous line repeated 3 more times]
  File "/home/panwei/he000176/.conda/envs/eir-gln/lib/python3.11/site-packages/torch/nn/modules/module.py", line 833, in _apply
    param_applied = fn(param)
                    ^^^^^^^^^
  File "/home/panwei/he000176/.conda/envs/eir-gln/lib/python3.11/site-packages/torch/nn/modules/module.py", line 1158, in convert
    return t.to(device, dtype if t.is_floating_point() or t.is_complex() else None, non_blocking)
           ^^^^^^^^^^^^^^^^^^^^^^^^^^^^^^^^^^^^^^^^^^^^^^^^^^^^^^^^^^^^^^^^^^^^^^^^^^^^^^^^^^^^^^
  File "/home/panwei/he000176/.conda/envs/eir-gln/lib/python3.11/site-packages/torch/cuda/__init__.py", line 298, in _lazy_init
    torch._C._cuda_init()
RuntimeError: Found no NVIDIA driver on your system. Please check that you have an NVIDIA GPU and installed a driver from http://www.nvidia.com/Download/index.aspx
