eirpredict --global_configs "/home/panwei/he000176/jinwen/gln/configs/base/prs/global_config_0.1.yaml" --input_configs "/home/panwei/he000176/jinwen/gln/configs/ensemble/input_config.yaml" --output_configs "/home/panwei/he000176/jinwen/gln/configs/ensemble/output_config.yaml" --model_path "/home/panwei/he000176/jinwen/gln/model_output/prs/0.1/saved_models/0.1_model_400_perf-average=0.1210.pt" --evaluate --output_folder "/home/panwei/he000176/jinwen/results/gln/prs/0.1"
12:08:32 - INFO - eir.train_utils.utils - Global random seed set to 0.
Target Labels:   0%|                                                                                                                                                       | 0/30000 [00:00<?, ?it/s]Target Labels: 100%|███████████████████████████████████████████████████████████████████████████████████████████████████████████████████████████████████████| 30000/30000 [00:00<00:00, 717285.66it/s]
genotype: 0it [00:00, ?it/s]genotype: 19609it [00:00, 196072.42it/s]genotype: 29998it [00:00, 76755.29it/s] 
Progress: 0it [00:00, ?it/s]Progress: 1843it [00:00, 18426.90it/s]Progress: 24449it [00:00, 140545.38it/s]Progress: 29996it [00:00, 92789.15it/s] 
Target Labels:   0%|                                                                                                                                                        | 0/2999 [00:00<?, ?it/s]Target Labels: 100%|█████████████████████████████████████████████████████████████████████████████████████████████████████████████████████████████████████████| 2999/2999 [00:00<00:00, 761377.50it/s]
genotype: 0it [00:00, ?it/s]genotype: 1787it [00:00, 4624.13it/s]genotype: 2999it [00:00, 6555.56it/s]
findfont: Font family 'Arial' not found.
findfont: Font family 'Arial' not found.
findfont: Font family 'Arial' not found.
findfont: Font family 'Arial' not found.
findfont: Font family 'Arial' not found.
findfont: Font family 'Arial' not found.
findfont: Font family 'Arial' not found.
findfont: Font family 'Arial' not found.
findfont: Font family 'Arial' not found.
findfont: Font family 'Arial' not found.
findfont: Font family 'Arial' not found.
findfont: Font family 'Arial' not found.
findfont: Font family 'Arial' not found.
findfont: Font family 'Arial' not found.
findfont: Font family 'Arial' not found.
findfont: Font family 'Arial' not found.
findfont: Font family 'Arial' not found.
findfont: Font family 'Arial' not found.
findfont: Font family 'Arial' not found.
findfont: Font family 'Arial' not found.
findfont: Font family 'Arial' not found.
findfont: Font family 'Arial' not found.
findfont: Font family 'Arial' not found.
findfont: Font family 'Arial' not found.
findfont: Font family 'Arial' not found.
findfont: Font family 'Arial' not found.
